#
# There is insufficient memory for the Java Runtime Environment to continue.
# Native memory allocation (mmap) failed to map 536870912 bytes for G1 virtual space
# Possible reasons:
#   The system is out of physical RAM or swap space
#   The process is running with CompressedOops enabled, and the Java Heap may be blocking the growth of the native heap
# Possible solutions:
#   Reduce memory load on the system
#   Increase physical memory or swap space
#   Check if swap backing store is full
#   Decrease Java heap size (-Xmx/-Xms)
#   Decrease number of Java threads
#   Decrease Java thread stack sizes (-Xss)
#   Set larger code cache with -XX:ReservedCodeCacheSize=
#   JVM is running with Zero Based Compressed Oops mode in which the Java heap is
#     placed in the first 32GB address space. The Java Heap base address is the
#     maximum limit for the native heap growth. Please use -XX:HeapBaseMinAddress
#     to set the Java Heap base and to place the Java Heap above 32GB virtual address.
# This output file may be truncated or incomplete.
#
#  Out of Memory Error (os_windows.cpp:3617), pid=24048, tid=8208
#
# JRE version:  (17.0.8.1+1) (build )
# Java VM: OpenJDK 64-Bit Server VM (17.0.8.1+1, mixed mode, sharing, tiered, compressed oops, compressed class ptrs, g1 gc, windows-amd64)
# No core dump will be written. Minidumps are not enabled by default on client versions of Windows
#

---------------  S U M M A R Y ------------

Command Line: -Dfile.encoding=UTF-8 -Dstdout.encoding=UTF-8 -Dstderr.encoding=UTF-8 --module-path=C:\JavaProject\workspace\BeanManager\lib\ojdbc8.jar -XX:+ShowCodeDetailsInExceptionMessages Main

Host: Intel(R) Core(TM) i5-10400F CPU @ 2.90GHz, 12 cores, 31G,  Windows 10 , 64 bit Build 19041 (10.0.19041.3636)
Time: Mon Dec  4 17:57:18 2023  Windows 10 , 64 bit Build 19041 (10.0.19041.3636) elapsed time: 0.006795 seconds (0d 0h 0m 0s)

---------------  T H R E A D  ---------------

Current thread (0x0000021d63e59d30):  JavaThread "Unknown thread" [_thread_in_vm, id=8208, stack(0x000000e5b5100000,0x000000e5b5200000)]

Stack: [0x000000e5b5100000,0x000000e5b5200000]
Native frames: (J=compiled Java code, j=interpreted, Vv=VM code, C=native code)
V  [jvm.dll+0x678b0a]
V  [jvm.dll+0x835e84]
V  [jvm.dll+0x83762e]
V  [jvm.dll+0x837c93]
V  [jvm.dll+0x24746f]
V  [jvm.dll+0x675859]
V  [jvm.dll+0x66a0ea]
V  [jvm.dll+0x306c7b]
V  [jvm.dll+0x30e166]
V  [jvm.dll+0x35dd3e]
V  [jvm.dll+0x35df6f]
V  [jvm.dll+0x2ddb48]
V  [jvm.dll+0x2deab4]
V  [jvm.dll+0x807f31]
V  [jvm.dll+0x36bb21]
V  [jvm.dll+0x7e733c]
V  [jvm.dll+0x3ee4af]
V  [jvm.dll+0x3f00c1]
C  [jli.dll+0x528b]
C  [ucrtbase.dll+0x21bb2]
C  [KERNEL32.DLL+0x17344]
C  [ntdll.dll+0x526b1]


---------------  P R O C E S S  ---------------

Threads class SMR info:
_java_thread_list=0x00007ffc09e9a018, length=0, elements={
}

Java Threads: ( => current thread )

Other Threads:
  0x0000021d63f05650 GCTaskThread "GC Thread#0" [stack: 0x000000e5b5200000,0x000000e5b5300000] [id=17308]
  0x0000021d63f12bc0 ConcurrentGCThread "G1 Main Marker" [stack: 0x000000e5b5300000,0x000000e5b5400000] [id=12968]
  0x0000021d79ab2560 ConcurrentGCThread "G1 Conc#0" [stack: 0x000000e5b5400000,0x000000e5b5500000] [id=24344]

[error occurred during error reporting (printing all threads), id 0xc0000005, EXCEPTION_ACCESS_VIOLATION (0xc0000005) at pc=0x00007ffc0966e587]

VM state: not at safepoint (not fully initialized)

VM Mutex/Monitor currently owned by a thread:  ([mutex/lock_event])
[0x0000021d63e541e0] Heap_lock - owner thread: 0x0000021d63e59d30

Heap address: 0x0000000601400000, size: 8172 MB, Compressed Oops mode: Zero based, Oop shift amount: 3

CDS archive(s) mapped at: [0x0000000000000000-0x0000000000000000-0x0000000000000000), size 0, SharedBaseAddress: 0x0000000800000000, ArchiveRelocationMode: 1.
Narrow klass base: 0x0000000000000000, Narrow klass shift: 0, Narrow klass range: 0x0

GC Precious Log:
<Empty>

Heap:
 garbage-first heap   total 0K, used 0K [0x0000000601400000, 0x0000000800000000)
  region size 4096K, 0 young (0K), 0 survivors (0K)

[error occurred during error reporting (printing heap information), id 0xc0000005, EXCEPTION_ACCESS_VIOLATION (0xc0000005) at pc=0x00007ffc09a52699]

GC Heap History (0 events):
No events

Dll operation events (1 events):
Event: 0.004 Loaded shared library C:\JavaProject\eclipse\plugins\org.eclipse.justj.openjdk.hotspot.jre.full.win32.x86_64_17.0.8.v20230831-1047\jre\bin\java.dll

Deoptimization events (0 events):
No events

Classes unloaded (0 events):
No events

Classes redefined (0 events):
No events

Internal exceptions (0 events):
No events

VM Operations (0 events):
No events

Events (0 events):
No events


Dynamic libraries:
0x00007ff77cc80000 - 0x00007ff77cc8e000 	C:\JavaProject\eclipse\plugins\org.eclipse.justj.openjdk.hotspot.jre.full.win32.x86_64_17.0.8.v20230831-1047\jre\bin\javaw.exe
0x00007ffc56c70000 - 0x00007ffc56e68000 	C:\Windows\SYSTEM32\ntdll.dll
0x00007ffc55c10000 - 0x00007ffc55ccd000 	C:\Windows\System32\KERNEL32.DLL
0x00007ffc545d0000 - 0x00007ffc548c6000 	C:\Windows\System32\KERNELBASE.dll
0x00007ffc549f0000 - 0x00007ffc54af0000 	C:\Windows\System32\ucrtbase.dll
0x00007ffc4c230000 - 0x00007ffc4c247000 	C:\JavaProject\eclipse\plugins\org.eclipse.justj.openjdk.hotspot.jre.full.win32.x86_64_17.0.8.v20230831-1047\jre\bin\jli.dll
0x00007ffc4c2c0000 - 0x00007ffc4c2d9000 	C:\JavaProject\eclipse\plugins\org.eclipse.justj.openjdk.hotspot.jre.full.win32.x86_64_17.0.8.v20230831-1047\jre\bin\VCRUNTIME140.dll
0x00007ffc54dd0000 - 0x00007ffc54f6e000 	C:\Windows\System32\USER32.dll
0x00007ffc366a0000 - 0x00007ffc3693a000 	C:\Windows\WinSxS\amd64_microsoft.windows.common-controls_6595b64144ccf1df_6.0.19041.3636_none_60b6a03d71f818d5\COMCTL32.dll
0x00007ffc54500000 - 0x00007ffc54522000 	C:\Windows\System32\win32u.dll
0x00007ffc55ad0000 - 0x00007ffc55b6e000 	C:\Windows\System32\msvcrt.dll
0x00007ffc54f70000 - 0x00007ffc54f9c000 	C:\Windows\System32\GDI32.dll
0x00007ffc54b80000 - 0x00007ffc54c9a000 	C:\Windows\System32\gdi32full.dll
0x00007ffc54530000 - 0x00007ffc545cd000 	C:\Windows\System32\msvcp_win.dll
0x00007ffc54da0000 - 0x00007ffc54dd0000 	C:\Windows\System32\IMM32.DLL
0x00007ffc51bc0000 - 0x00007ffc51bcc000 	C:\JavaProject\eclipse\plugins\org.eclipse.justj.openjdk.hotspot.jre.full.win32.x86_64_17.0.8.v20230831-1047\jre\bin\vcruntime140_1.dll
0x00007ffc19230000 - 0x00007ffc192c1000 	C:\JavaProject\eclipse\plugins\org.eclipse.justj.openjdk.hotspot.jre.full.win32.x86_64_17.0.8.v20230831-1047\jre\bin\msvcp140.dll
0x00007ffc09380000 - 0x00007ffc09fcc000 	C:\JavaProject\eclipse\plugins\org.eclipse.justj.openjdk.hotspot.jre.full.win32.x86_64_17.0.8.v20230831-1047\jre\bin\server\jvm.dll
0x00007ffc54fa0000 - 0x00007ffc5504f000 	C:\Windows\System32\ADVAPI32.dll
0x00007ffc55de0000 - 0x00007ffc55e7c000 	C:\Windows\System32\sechost.dll
0x00007ffc56310000 - 0x00007ffc56436000 	C:\Windows\System32\RPCRT4.dll
0x00007ffc45c20000 - 0x00007ffc45c29000 	C:\Windows\SYSTEM32\WSOCK32.dll
0x00007ffc53d20000 - 0x00007ffc53d6b000 	C:\Windows\SYSTEM32\POWRPROF.dll
0x00007ffc55a60000 - 0x00007ffc55acb000 	C:\Windows\System32\WS2_32.dll
0x00007ffc4ecf0000 - 0x00007ffc4ecfa000 	C:\Windows\SYSTEM32\VERSION.dll
0x00007ffc3f650000 - 0x00007ffc3f677000 	C:\Windows\SYSTEM32\WINMM.dll
0x00007ffc53cd0000 - 0x00007ffc53ce2000 	C:\Windows\SYSTEM32\UMPDC.dll
0x00007ffc52150000 - 0x00007ffc52162000 	C:\Windows\SYSTEM32\kernel.appcore.dll
0x00007ffc33590000 - 0x00007ffc3359a000 	C:\JavaProject\eclipse\plugins\org.eclipse.justj.openjdk.hotspot.jre.full.win32.x86_64_17.0.8.v20230831-1047\jre\bin\jimage.dll
0x00007ffc45950000 - 0x00007ffc45b34000 	C:\Windows\SYSTEM32\DBGHELP.DLL
0x00007ffc44b50000 - 0x00007ffc44b84000 	C:\Windows\SYSTEM32\dbgcore.DLL
0x00007ffc54af0000 - 0x00007ffc54b72000 	C:\Windows\System32\bcryptPrimitives.dll
0x00007ffc23bf0000 - 0x00007ffc23c15000 	C:\JavaProject\eclipse\plugins\org.eclipse.justj.openjdk.hotspot.jre.full.win32.x86_64_17.0.8.v20230831-1047\jre\bin\java.dll

dbghelp: loaded successfully - version: 4.0.5 - missing functions: none
symbol engine: initialized successfully - sym options: 0x614 - pdb path: .;C:\JavaProject\eclipse\plugins\org.eclipse.justj.openjdk.hotspot.jre.full.win32.x86_64_17.0.8.v20230831-1047\jre\bin;C:\Windows\SYSTEM32;C:\Windows\WinSxS\amd64_microsoft.windows.common-controls_6595b64144ccf1df_6.0.19041.3636_none_60b6a03d71f818d5;C:\JavaProject\eclipse\plugins\org.eclipse.justj.openjdk.hotspot.jre.full.win32.x86_64_17.0.8.v20230831-1047\jre\bin\server

VM Arguments:
jvm_args: -Dfile.encoding=UTF-8 -Dstdout.encoding=UTF-8 -Dstderr.encoding=UTF-8 --module-path=C:\JavaProject\workspace\BeanManager\lib\ojdbc8.jar -XX:+ShowCodeDetailsInExceptionMessages 
java_command: Main
java_class_path (initial): C:\JavaProject\workspace\BeanManager\bin
Launcher Type: SUN_STANDARD

[Global flags]
     intx CICompilerCount                          = 4                                         {product} {ergonomic}
     uint ConcGCThreads                            = 3                                         {product} {ergonomic}
     uint G1ConcRefinementThreads                  = 10                                        {product} {ergonomic}
   size_t G1HeapRegionSize                         = 4194304                                   {product} {ergonomic}
    uintx GCDrainStackTargetSize                   = 64                                        {product} {ergonomic}
   size_t InitialHeapSize                          = 536870912                                 {product} {ergonomic}
   size_t MarkStackSize                            = 4194304                                   {product} {ergonomic}
   size_t MaxHeapSize                              = 8568963072                                {product} {ergonomic}
   size_t MinHeapDeltaBytes                        = 4194304                                   {product} {ergonomic}
   size_t MinHeapSize                              = 8388608                                   {product} {ergonomic}
    uintx NonNMethodCodeHeapSize                   = 5839372                                {pd product} {ergonomic}
    uintx NonProfiledCodeHeapSize                  = 122909434                              {pd product} {ergonomic}
    uintx ProfiledCodeHeapSize                     = 122909434                              {pd product} {ergonomic}
    uintx ReservedCodeCacheSize                    = 251658240                              {pd product} {ergonomic}
     bool SegmentedCodeCache                       = true                                      {product} {ergonomic}
     bool ShowCodeDetailsInExceptionMessages       = true                                   {manageable} {command line}
   size_t SoftMaxHeapSize                          = 8568963072                             {manageable} {ergonomic}
     bool UseCompressedClassPointers               = true                           {product lp64_product} {ergonomic}
     bool UseCompressedOops                        = true                           {product lp64_product} {ergonomic}
     bool UseG1GC                                  = true                                      {product} {ergonomic}
     bool UseLargePagesIndividualAllocation        = false                                  {pd product} {ergonomic}

Logging:
Log output configuration:
 #0: stdout all=warning uptime,level,tags
 #1: stderr all=off uptime,level,tags

Environment Variables:
JAVA_HOME=C:\JavaProject\jdk-17.0.9
PATH=C:/JavaProject/eclipse//plugins/org.eclipse.justj.openjdk.hotspot.jre.full.win32.x86_64_17.0.8.v20230831-1047/jre/bin/server;C:/JavaProject/eclipse//plugins/org.eclipse.justj.openjdk.hotspot.jre.full.win32.x86_64_17.0.8.v20230831-1047/jre/bin;C:\Ruby32-x64\bin;C:\app\kosmo\product\18.0.0\dbhomeXE\bin;C:\Windows\system32;C:\Windows;C:\Windows\System32\Wbem;C:\Windows\System32\WindowsPowerShell\v1.0\;C:\Windows\System32\OpenSSH\;C:\JavaProject\jdk-17.0.9\bin;C:\Program Files\Git\cmd;C:\Program Files\nodejs\;C:\Program Files\MySQL\MySQL Shell 8.0\bin\;C:\Users\kosmo\AppData\Local\Microsoft\WindowsApps;;C:\Users\kosmo\AppData\Local\Programs\Microsoft VS Code\bin;C:\Users\kosmo\AppData\Roaming\npm;C:\JavaProject\eclipse;
USERNAME=kosmo
OS=Windows_NT
PROCESSOR_IDENTIFIER=Intel64 Family 6 Model 165 Stepping 3, GenuineIntel
TMP=C:\Users\kosmo\AppData\Local\Temp
TEMP=C:\Users\kosmo\AppData\Local\Temp



---------------  S Y S T E M  ---------------

OS:
 Windows 10 , 64 bit Build 19041 (10.0.19041.3636)
OS uptime: 6 days 9:14 hours

CPU: total 12 (initial active 12) (6 cores per cpu, 2 threads per core) family 6 model 165 stepping 3 microcode 0xe0, cx8, cmov, fxsr, ht, mmx, 3dnowpref, sse, sse2, sse3, ssse3, sse4.1, sse4.2, popcnt, lzcnt, tsc, tscinvbit, avx, avx2, aes, erms, clmul, bmi1, bmi2, adx, fma, vzeroupper, clflush, clflushopt
Processor Information for all 12 processors :
  Max Mhz: 2904, Current Mhz: 2904, Mhz Limit: 2904

Memory: 4k page, system-wide physical 32681M (17336M free)
TotalPageFile size 61139M (AvailPageFile size 235M)
current process WorkingSet (physical memory assigned to process): 10M, peak: 10M
current process commit charge ("private bytes"): 64M, peak: 576M

vm_info: OpenJDK 64-Bit Server VM (17.0.8.1+1) for windows-amd64 JRE (17.0.8.1+1), built on Aug 23 2023 15:29:17 by "admin" with MS VC++ 16.7 (VS2019)

END.
